{"name":"testDeleteOrderByIdInvalidId","id":"PetStoreOrderTests:testDeleteOrderByIdInvalidId","scenarioId":"PetStoreOrderTests:testDeleteOrderByIdInvalidId","testCaseName":"PetStoreOrderTests","methodName":"testDeleteOrderByIdInvalidId","testSteps":[{"number":1,"description":"DELETE http://localhost:8080/api/v3/store/order/1001","duration":0,"startTime":"2024-10-09T23:52:43.976345-05:00[America/Bogota]","result":"SUCCESS","restQuery":{"method":"DELETE","path":"http://localhost:8080/api/v3/store/order/1001","content":"","contentType":"null","requestHeaders":"Accept\u003d*/*","requestCookies":"","responseHeaders":"Date: Thu, 10 Oct 2024 04:52:43 GMT\nAccess-Control-Allow-Origin: *\nAccess-Control-Allow-Methods: GET, POST, DELETE, PUT\nAccess-Control-Allow-Headers: Content-Type, api_key, Authorization\nAccess-Control-Expose-Headers: Content-Disposition\nContent-Length: 0\nServer: Jetty(9.4.53.v20231009)","responseCookies":"","statusCode":200},"precondition":false,"level":0}],"userStory":{"id":"PetStoreOrderTests","storyName":"PetStoreOrderTests","displayName":"PetStoreOrderTests","storyClassName":"PetStoreOrderTests","path":"PetStoreOrderTests","pathElements":[{"name":"PetStoreOrderTests","description":"PetStoreOrderTests"}],"narrative":"","type":"feature"},"title":"Test delete order by id invalid id","tags":[{"name":"Mac","type":"context","displayName":"Mac"}],"startTime":"2024-10-09T23:52:43.969315-05:00[America/Bogota]","duration":8,"testFailureCause":{"errorType":"java.lang.AssertionError","message":"Expected status code 400 but was 200 expected:\u003c400\u003e but was:\u003c200\u003e","stackTrace":[{"declaringClass":"PetStoreOrderTests","methodName":"testDeleteOrderByIdInvalidId","fileName":"PetStoreOrderTests.kt","lineNumber":168},{"declaringClass":"worker.org.gradle.process.internal.worker.GradleWorkerMain","methodName":"run","fileName":"GradleWorkerMain.java","lineNumber":69},{"declaringClass":"worker.org.gradle.process.internal.worker.GradleWorkerMain","methodName":"main","fileName":"GradleWorkerMain.java","lineNumber":74}]},"testFailureClassname":"java.lang.AssertionError","testFailureMessage":"Expected status code 400 but was 200 expected:\u003c400\u003e but was:\u003c200\u003e","testFailureSummary":"FAILURE;java.lang.AssertionError;Expected status code 400 but was 200 expected:\u003c400\u003e but was:\u003c200\u003e;PetStoreOrderTests.kt","projectKey":"","annotatedResult":"FAILURE","isManualTestingUpToDate":false,"context":"mac","manual":false,"testSource":"JUnit","order":0,"result":"FAILURE"}