{"name":"testLoginUserInvalidCredentials","id":"PetStoreUserTests:testLoginUserInvalidCredentials","scenarioId":"PetStoreUserTests:testLoginUserInvalidCredentials","testCaseName":"PetStoreUserTests","methodName":"testLoginUserInvalidCredentials","testSteps":[{"number":1,"description":"GET http://localhost:8080/api/v3/user/login?username\u003dbaduser\u0026password\u003dbadpsw123","duration":0,"startTime":"2024-10-09T23:52:44.627310-05:00[America/Bogota]","result":"SUCCESS","restQuery":{"method":"GET","path":"http://localhost:8080/api/v3/user/login?username\u003dbaduser\u0026password\u003dbadpsw123","content":"","contentType":"null","requestHeaders":"Accept\u003d*/*","requestCookies":"","responseHeaders":"Date: Thu, 10 Oct 2024 04:52:44 GMT\nAccess-Control-Allow-Origin: *\nAccess-Control-Allow-Methods: GET, POST, DELETE, PUT\nAccess-Control-Allow-Headers: Content-Type, api_key, Authorization\nAccess-Control-Expose-Headers: Content-Disposition\nX-Rate-Limit: 5000\nX-Expires-After: Thu Oct 10 05:52:44 GMT 2024\nContent-Type: application/json\nContent-Length: 43\nServer: Jetty(9.4.53.v20231009)","responseCookies":"","responseBody":"Logged in user session: 4944392646876726694","statusCode":200},"precondition":false,"level":0}],"userStory":{"id":"PetStoreUserTests","storyName":"PetStoreUserTests","displayName":"PetStoreUserTests","storyClassName":"PetStoreUserTests","path":"PetStoreUserTests","pathElements":[{"name":"PetStoreUserTests","description":"PetStoreUserTests"}],"narrative":"","type":"feature"},"title":"Test login user invalid credentials","tags":[{"name":"Mac","type":"context","displayName":"Mac"}],"startTime":"2024-10-09T23:52:44.623139-05:00[America/Bogota]","duration":4,"testFailureCause":{"errorType":"java.lang.AssertionError","message":"Expected status code 400 but was 200 expected:\u003c400\u003e but was:\u003c200\u003e","stackTrace":[{"declaringClass":"PetStoreUserTests","methodName":"testLoginUserInvalidCredentials","fileName":"PetStoreUserTest.kt","lineNumber":134},{"declaringClass":"worker.org.gradle.process.internal.worker.GradleWorkerMain","methodName":"run","fileName":"GradleWorkerMain.java","lineNumber":69},{"declaringClass":"worker.org.gradle.process.internal.worker.GradleWorkerMain","methodName":"main","fileName":"GradleWorkerMain.java","lineNumber":74}]},"testFailureClassname":"java.lang.AssertionError","testFailureMessage":"Expected status code 400 but was 200 expected:\u003c400\u003e but was:\u003c200\u003e","testFailureSummary":"FAILURE;java.lang.AssertionError;Expected status code 400 but was 200 expected:\u003c400\u003e but was:\u003c200\u003e;PetStoreUserTest.kt","projectKey":"","annotatedResult":"FAILURE","isManualTestingUpToDate":false,"context":"mac","manual":false,"testSource":"JUnit","order":0,"result":"FAILURE"}