<?xml version="1.0" encoding="UTF-8" standalone="no"?><testsuite errors="0" failures="2" name="PetStoreUserTests" skipped="0" tests="9" time="0.06" timestamp="2024-10-09 11:52:44"><testcase classname="PetStoreUserTests" name="Test get user not found"/><testcase classname="PetStoreUserTests" name="Test update user success"/><testcase classname="PetStoreUserTests" name="Test logout user success"/><testcase classname="PetStoreUserTests" name="Test login user success"/><testcase classname="PetStoreUserTests" name="Test delete user success"/><testcase classname="PetStoreUserTests" name="Test create user success"/><testcase classname="PetStoreUserTests" name="Test login user invalid credentials"><failure message="Expected status code 400 but was 200 expected:&lt;400&gt; but was:&lt;200&gt;" type="java.lang.AssertionError">Expected status code 400 but was 200 expected:&lt;400&gt; but was:&lt;200&gt;</failure><system-err>Expected status code 400 but was 200 expected:&lt;400&gt; but was:&lt;200&gt;
PetStoreUserTests.testLoginUserInvalidCredentials(PetStoreUserTest.kt:134)
worker.org.gradle.process.internal.worker.GradleWorkerMain.run(GradleWorkerMain.java:69)
worker.org.gradle.process.internal.worker.GradleWorkerMain.main(GradleWorkerMain.java:74)
</system-err></testcase><testcase classname="PetStoreUserTests" name="Test get user invalid username"><failure message="Expected status code 400 but was 404 expected:&lt;400&gt; but was:&lt;404&gt;" type="java.lang.AssertionError">Expected status code 400 but was 404 expected:&lt;400&gt; but was:&lt;404&gt;</failure><system-err>Expected status code 400 but was 404 expected:&lt;400&gt; but was:&lt;404&gt;
PetStoreUserTests.testGetUserInvalidUsername(PetStoreUserTest.kt:146)
worker.org.gradle.process.internal.worker.GradleWorkerMain.run(GradleWorkerMain.java:69)
worker.org.gradle.process.internal.worker.GradleWorkerMain.main(GradleWorkerMain.java:74)
</system-err></testcase><testcase classname="PetStoreUserTests" name="Test get user by username success"/></testsuite>