<?xml version="1.0" encoding="UTF-8" standalone="no"?><testsuite errors="0" failures="2" name="PetStoreOrderTests" skipped="0" tests="9" time="1.43" timestamp="2024-10-09 11:52:42"><testcase classname="PetStoreOrderTests" name="Test delete order by id not found"><failure message="Expected status code 404 but was 200 expected:&lt;404&gt; but was:&lt;200&gt;" type="java.lang.AssertionError">Expected status code 404 but was 200 expected:&lt;404&gt; but was:&lt;200&gt;</failure><system-err>Expected status code 404 but was 200 expected:&lt;404&gt; but was:&lt;200&gt;
PetStoreOrderTests.testDeleteOrderByIdNotFound(PetStoreOrderTests.kt:183)
worker.org.gradle.process.internal.worker.GradleWorkerMain.run(GradleWorkerMain.java:69)
worker.org.gradle.process.internal.worker.GradleWorkerMain.main(GradleWorkerMain.java:74)
</system-err></testcase><testcase classname="PetStoreOrderTests" name="Test get order by id invalid range"/><testcase classname="PetStoreOrderTests" name="Test get order by id not found"/><testcase classname="PetStoreOrderTests" name="Test delete order by id invalid id"><failure message="Expected status code 400 but was 200 expected:&lt;400&gt; but was:&lt;200&gt;" type="java.lang.AssertionError">Expected status code 400 but was 200 expected:&lt;400&gt; but was:&lt;200&gt;</failure><system-err>Expected status code 400 but was 200 expected:&lt;400&gt; but was:&lt;200&gt;
PetStoreOrderTests.testDeleteOrderByIdInvalidId(PetStoreOrderTests.kt:168)
worker.org.gradle.process.internal.worker.GradleWorkerMain.run(GradleWorkerMain.java:69)
worker.org.gradle.process.internal.worker.GradleWorkerMain.main(GradleWorkerMain.java:74)
</system-err></testcase><testcase classname="PetStoreOrderTests" name="Test place order success"/><testcase classname="PetStoreOrderTests" name="Test place order invalid format"/><testcase classname="PetStoreOrderTests" name="Test delete order by id success"/><testcase classname="PetStoreOrderTests" name="Test get inventory success"/><testcase classname="PetStoreOrderTests" name="Test get order by id success"/></testsuite>