<?xml version="1.0" encoding="UTF-8" standalone="no"?><testsuite errors="0" failures="1" name="PetStorePetTests" skipped="0" tests="13" time="0.23" timestamp="2024-10-09 11:52:44"><testcase classname="PetStorePetTests" name="Test upload image pet not found"/><testcase classname="PetStorePetTests" name="Test find pet by id not found"/><testcase classname="PetStorePetTests" name="Test find pets by status success"/><testcase classname="PetStorePetTests" name="Test delete pet not found"/><testcase classname="PetStorePetTests" name="Test add new pet invalid input"/><testcase classname="PetStorePetTests" name="Test update pet validation exception"><failure message="Expected status code 405 but was 200 expected:&lt;405&gt; but was:&lt;200&gt;" type="java.lang.AssertionError">Expected status code 405 but was 200 expected:&lt;405&gt; but was:&lt;200&gt;</failure><system-err>Expected status code 405 but was 200 expected:&lt;405&gt; but was:&lt;200&gt;
PetStorePetTests.testUpdatePetValidationException(PetStorePetTests.kt:169)
worker.org.gradle.process.internal.worker.GradleWorkerMain.run(GradleWorkerMain.java:69)
worker.org.gradle.process.internal.worker.GradleWorkerMain.main(GradleWorkerMain.java:74)
</system-err></testcase><testcase classname="PetStorePetTests" name="Test delete pet success"/><testcase classname="PetStorePetTests" name="Test update non existing pet"/><testcase classname="PetStorePetTests" name="Test find pet by id success"/><testcase classname="PetStorePetTests" name="Test update existing pet success"/><testcase classname="PetStorePetTests" name="Test update pet invalid id"/><testcase classname="PetStorePetTests" name="Test add new pet success"/><testcase classname="PetStorePetTests" name="Test upload image success"/></testsuite>